Using pre-set license
Built from '2020.3/staging' branch; Version is '2020.3.8f1 (507919d4fff5) revision 5273881'; Using compiler version '192528614'; Build Type 'Release'
OS: 'Windows 10 Pro; OS build 19042.985; Version 2009; 64bit' Language: 'en' Physical Memory: 32707 MB
BatchMode: 1, IsHumanControllingUs: 0, StartBugReporterOnCrash: 0, Is64bit: 1, IsPro: 0

 COMMAND LINE ARGUMENTS:
C:\Program Files\Unity\Hub\Editor\2020.3.8f1\Editor\Unity.exe
-adb2
-batchMode
-noUpm
-name
AssetImportWorker0
-projectPath
E:/Projects/GitHub/WaveGame
-logFile
Logs/AssetImportWorker0.log
-srvPort
54750
Successfully changed project path to: E:/Projects/GitHub/WaveGame
E:/Projects/GitHub/WaveGame
Using Asset Import Pipeline V2.
Refreshing native plugins compatible for Editor in 55.36 ms, found 0 plugins.
Preloading 0 native plugins for Editor in 0.00 ms.
Initialize engine version: 2020.3.8f1 (507919d4fff5)
[Subsystems] Discovering subsystems at path C:/Program Files/Unity/Hub/Editor/2020.3.8f1/Editor/Data/Resources/UnitySubsystems
[Subsystems] Discovering subsystems at path E:/Projects/GitHub/WaveGame/Assets
GfxDevice: creating device client; threaded=0
Direct3D:
    Version:  Direct3D 11.0 [level 11.1]
    Renderer: NVIDIA TITAN Xp COLLECTORS EDITION (ID=0x1b02)
    Vendor:   
    VRAM:     12145 MB
    Driver:   27.21.14.6627
Initialize mono
Mono path[0] = 'C:/Program Files/Unity/Hub/Editor/2020.3.8f1/Editor/Data/Managed'
Mono path[1] = 'C:/Program Files/Unity/Hub/Editor/2020.3.8f1/Editor/Data/MonoBleedingEdge/lib/mono/unityjit'
Mono config path = 'C:/Program Files/Unity/Hub/Editor/2020.3.8f1/Editor/Data/MonoBleedingEdge/etc'
Using monoOptions --debugger-agent=transport=dt_socket,embedding=1,server=y,suspend=n,address=127.0.0.1:56584
Begin MonoManager ReloadAssembly
Registering precompiled unity dll's ...
Register platform support module: C:/Program Files/Unity/Hub/Editor/2020.3.8f1/Editor/Data/PlaybackEngines/WindowsStandaloneSupport/UnityEditor.WindowsStandalone.Extensions.dll
Registered in 0.001923 seconds.
Native extension for WindowsStandalone target not found
Refreshing native plugins compatible for Editor in 70.47 ms, found 0 plugins.
Preloading 0 native plugins for Editor in 0.00 ms.
Mono: successfully reloaded assembly
- Completed reload, in  1.102 seconds
Platform modules already initialized, skipping
Registering precompiled user dll's ...
Registered in 0.001164 seconds.
Begin MonoManager ReloadAssembly
Native extension for WindowsStandalone target not found
Refreshing native plugins compatible for Editor in 0.51 ms, found 0 plugins.
Preloading 0 native plugins for Editor in 0.00 ms.
Mono: successfully reloaded assembly
- Completed reload, in  0.925 seconds
Platform modules already initialized, skipping
========================================================================
Worker process is ready to serve import requests
Launched and connected shader compiler UnityShaderCompiler.exe after 0.06 seconds
Refreshing native plugins compatible for Editor in 0.52 ms, found 0 plugins.
Preloading 0 native plugins for Editor in 0.00 ms.
Unloading 1133 Unused Serialized files (Serialized files now loaded: 0)
System memory in use before: 61.5 MB.
System memory in use after: 61.6 MB.

Unloading 9 unused Assets to reduce memory usage. Loaded Objects now: 1576.
Total: 1.686300 ms (FindLiveObjects: 0.131100 ms CreateObjectMapping: 0.042600 ms MarkObjects: 1.445400 ms  DeleteObjects: 0.066100 ms)

========================================================================
Received Import Request.
  path: Assets/Scenes/SampleScene.unity
  artifactKey: Guid(9fc0d4010bbf28b4594072e72b8655ab) Importer(815301076,1909f56bfc062723c751e8b465ee728b)
Start importing Assets/Scenes/SampleScene.unity using Guid(9fc0d4010bbf28b4594072e72b8655ab) Importer(815301076,1909f56bfc062723c751e8b465ee728b)  -> (artifact id: '89400d06d099d80c57b449183adb6e20') in 0.015586 seconds
  Import took 0.022177 seconds .

========================================================================
Received Import Request.
  Time since last request: 5.275033 seconds.
  path: Assets/Scenes/AITest.unity
  artifactKey: Guid(b89c03494873d6b43826b9672e2da509) Importer(815301076,1909f56bfc062723c751e8b465ee728b)
Start importing Assets/Scenes/AITest.unity using Guid(b89c03494873d6b43826b9672e2da509) Importer(815301076,1909f56bfc062723c751e8b465ee728b)  -> (artifact id: 'df7c73d4d7a83aacaa1e12a42daa9981') in 0.008303 seconds
  Import took 0.012228 seconds .

========================================================================
Received Import Request.
  Time since last request: 2352.443261 seconds.
  path: Assets/Prefabs/Mobs
  artifactKey: Guid(61b3294c14f34e84c882f23939b6700a) Importer(815301076,1909f56bfc062723c751e8b465ee728b)
Start importing Assets/Prefabs/Mobs using Guid(61b3294c14f34e84c882f23939b6700a) Importer(815301076,1909f56bfc062723c751e8b465ee728b)  -> (artifact id: '7658ca7db8396467b74ea560333ace00') in 0.007653 seconds
  Import took 0.019798 seconds .

========================================================================
Received Import Request.
  Time since last request: 0.095186 seconds.
  path: Assets/Prefabs/Mobs/Polygonal Metalon Red.prefab
  artifactKey: Guid(01a30c28cceed7345b359cbeeaa2e1f6) Importer(815301076,1909f56bfc062723c751e8b465ee728b)
Start importing Assets/Prefabs/Mobs/Polygonal Metalon Red.prefab using Guid(01a30c28cceed7345b359cbeeaa2e1f6) Importer(815301076,1909f56bfc062723c751e8b465ee728b)  -> (artifact id: '9669055a4232abb7c6d3fe86ec45f2eb') in 0.539427 seconds
  Import took 0.544801 seconds .

========================================================================
Received Import Request.
  Time since last request: 23.599029 seconds.
  path: ProjectSettings/TagManager.asset
  artifactKey: Guid(00000000000000003000000000000000) Importer(815301076,1909f56bfc062723c751e8b465ee728b)
Start importing ProjectSettings/TagManager.asset using Guid(00000000000000003000000000000000) Importer(815301076,1909f56bfc062723c751e8b465ee728b)  -> (artifact id: 'd6a19b27edac61a0953d86dcb785cafd') in 0.012068 seconds
  Import took 0.019445 seconds .

========================================================================
Received Import Request.
  Time since last request: 0.000807 seconds.
  path: ProjectSettings/TagManager.asset
  artifactKey: Guid(00000000000000003000000000000000) Importer(815301076,1909f56bfc062723c751e8b465ee728b)
Start importing ProjectSettings/TagManager.asset using Guid(00000000000000003000000000000000) Importer(815301076,1909f56bfc062723c751e8b465ee728b)  -> (artifact id: 'd6a19b27edac61a0953d86dcb785cafd') in 0.010356 seconds
  Import took 0.015249 seconds .

========================================================================
Received Import Request.
  Time since last request: 355.524504 seconds.
  path: Assets/Prefabs/Mobs/Polygonal Metalon Red.prefab
  artifactKey: Guid(01a30c28cceed7345b359cbeeaa2e1f6) Importer(815301076,1909f56bfc062723c751e8b465ee728b)
Start importing Assets/Prefabs/Mobs/Polygonal Metalon Red.prefab using Guid(01a30c28cceed7345b359cbeeaa2e1f6) Importer(815301076,1909f56bfc062723c751e8b465ee728b)  -> (artifact id: 'fb1d1c6c146e610c0dd7c7bd30927b3b') in 0.094017 seconds
  Import took 0.101451 seconds .

========================================================================
Received Import Request.
  Time since last request: 7.399213 seconds.
  path: Assets/Prefabs/Mobs/Polygonal Metalon Red.prefab
  artifactKey: Guid(01a30c28cceed7345b359cbeeaa2e1f6) Importer(815301076,1909f56bfc062723c751e8b465ee728b)
Start importing Assets/Prefabs/Mobs/Polygonal Metalon Red.prefab using Guid(01a30c28cceed7345b359cbeeaa2e1f6) Importer(815301076,1909f56bfc062723c751e8b465ee728b)  -> (artifact id: '7c41874574681daf06bcac3cd8d384a3') in 0.053585 seconds
  Import took 0.093504 seconds .

========================================================================
Received Import Request.
  Time since last request: 39.883843 seconds.
  path: Assets/Polygonal Metalon/Prefabs
  artifactKey: Guid(0110e0513c67e6149ba81d4faa1bb83e) Importer(815301076,1909f56bfc062723c751e8b465ee728b)
Start importing Assets/Polygonal Metalon/Prefabs using Guid(0110e0513c67e6149ba81d4faa1bb83e) Importer(815301076,1909f56bfc062723c751e8b465ee728b)  -> (artifact id: '71fcd72f0dc032671cda9a9a1948eb33') in 0.009799 seconds
  Import took 0.013118 seconds .

========================================================================
Received Import Request.
  Time since last request: 0.010118 seconds.
  path: Assets/Polygonal Metalon/Prefabs/Polygonal Metalon Green.prefab
  artifactKey: Guid(7f931d4b5c97d194d8726ddf5acdd440) Importer(815301076,1909f56bfc062723c751e8b465ee728b)
Start importing Assets/Polygonal Metalon/Prefabs/Polygonal Metalon Green.prefab using Guid(7f931d4b5c97d194d8726ddf5acdd440) Importer(815301076,1909f56bfc062723c751e8b465ee728b)  -> (artifact id: '31ade863e92d3decbab5692b4c0668f0') in 0.072406 seconds
  Import took 0.078194 seconds .

========================================================================
Received Import Request.
  Time since last request: 0.000175 seconds.
  path: Assets/Polygonal Metalon/Prefabs/Polygonal Metalon Red.prefab
  artifactKey: Guid(f88c6ad57910d8648807bcf0c131f49d) Importer(815301076,1909f56bfc062723c751e8b465ee728b)
Start importing Assets/Polygonal Metalon/Prefabs/Polygonal Metalon Red.prefab using Guid(f88c6ad57910d8648807bcf0c131f49d) Importer(815301076,1909f56bfc062723c751e8b465ee728b)  -> (artifact id: '53ffddb76dd0eb5e8b85e97715bfdcda') in 0.063346 seconds
  Import took 0.068882 seconds .

========================================================================
Received Import Request.
  Time since last request: 0.000237 seconds.
  path: Assets/Polygonal Metalon/Prefabs/Polygonal Metalon Purple.prefab
  artifactKey: Guid(e9a03d46b76afe246a9ffd58d255bb65) Importer(815301076,1909f56bfc062723c751e8b465ee728b)
Start importing Assets/Polygonal Metalon/Prefabs/Polygonal Metalon Purple.prefab using Guid(e9a03d46b76afe246a9ffd58d255bb65) Importer(815301076,1909f56bfc062723c751e8b465ee728b)  -> (artifact id: '1b11891e695f3e523b43e2287d0dc699') in 0.080100 seconds
  Import took 0.086147 seconds .

AssetImportWorkerClient::OnTransportError - code=2 error=End of file
